unsat_epsilon: 0.576171875
sat_epsilon: 0.5859375

original prediction: 
[[-15.465978622436523,
  -13.718709945678711,
  -13.323376655578613,
  -19.236888885498047,
  -16.905187606811523,
  3.1717493534088135,
  -15.842117309570312,
  -20.353654861450195,
  -13.699502944946289,
  -12.635675430297852],
 [-16.413774490356445,
  -12.518274307250977,
  -12.173078536987305,
  -10.933368682861328,
  5.352213382720947,
  -13.134293556213379,
  -13.774744033813477,
  -12.378541946411133,
  -12.845728874206543,
  -11.170280456542969],
 [-15.854315757751465,
  5.294122695922852,
  -12.09427547454834,
  -11.322688102722168,
  -10.684720993041992,
  -13.76541805267334,
  -16.006126403808594,
  -13.780645370483398,
  -11.01828670501709,
  -13.989194869995117]]

max prediction: 
[5, 4, 1]

new prediction: 
[9, 3, 4]
